[ 2017-05-04T09:44:31+08:00 ] 127.0.0.1 /admin
INFO: [ app_init ] --START--
INFO: Run Behavior\BuildLiteBehavior [ RunTime:0.000000s ]
INFO: [ app_init ] --END-- [ RunTime:0.000000s ]
INFO: [ app_begin ] --START--
INFO: Run Behavior\ReadHtmlCacheBehavior [ RunTime:0.001000s ]
INFO: [ app_begin ] --END-- [ RunTime:0.001000s ]
NOTIC: [8] Use of undefined constant APP_NAME - assumed 'APP_NAME' D:\phpStudy\aspbc\Application\Admin\Controller\IndexController.class.php 第 2911 行.
NOTIC: [8] Use of undefined constant App_ManageName - assumed 'App_ManageName' D:\phpStudy\aspbc\Application\Admin\Controller\IndexController.class.php 第 2912 行.

[ 2017-05-04T09:44:31+08:00 ] 127.0.0.1 /Admin/Index/login.html
INFO: [ app_init ] --START--
INFO: Run Behavior\BuildLiteBehavior [ RunTime:0.000000s ]
INFO: [ app_init ] --END-- [ RunTime:0.001000s ]
INFO: [ app_begin ] --START--
INFO: Run Behavior\ReadHtmlCacheBehavior [ RunTime:0.001000s ]
INFO: [ app_begin ] --END-- [ RunTime:0.001000s ]
NOTIC: [8] Use of undefined constant APP_NAME - assumed 'APP_NAME' D:\phpStudy\aspbc\Application\Admin\Controller\IndexController.class.php 第 2911 行.
NOTIC: [8] Use of undefined constant App_ManageName - assumed 'App_ManageName' D:\phpStudy\aspbc\Application\Admin\Controller\IndexController.class.php 第 2912 行.
INFO: [ view_parse ] --START--
INFO: [ template_filter ] --START--
INFO: Run Behavior\ContentReplaceBehavior [ RunTime:0.000000s ]
INFO: [ template_filter ] --END-- [ RunTime:0.000000s ]
INFO: Run Behavior\ParseTemplateBehavior [ RunTime:0.012000s ]
INFO: [ view_parse ] --END-- [ RunTime:0.012000s ]
INFO: [ view_filter ] --START--
INFO: Run Behavior\WriteHtmlCacheBehavior [ RunTime:0.000000s ]
INFO: [ view_filter ] --END-- [ RunTime:0.000000s ]
INFO: [ app_end ] --START--
INFO: Run Behavior\ShowPageTraceBehavior [ RunTime:0.001000s ]
INFO: [ app_end ] --END-- [ RunTime:0.001000s ]

[ 2017-05-04T09:44:31+08:00 ] 127.0.0.1 /Admin/Index/verify
INFO: [ app_init ] --START--
INFO: Run Behavior\BuildLiteBehavior [ RunTime:0.000000s ]
INFO: [ app_init ] --END-- [ RunTime:0.001000s ]
INFO: [ app_begin ] --START--
INFO: Run Behavior\ReadHtmlCacheBehavior [ RunTime:0.001001s ]
INFO: [ app_begin ] --END-- [ RunTime:0.001001s ]
NOTIC: [8] Use of undefined constant APP_NAME - assumed 'APP_NAME' D:\phpStudy\aspbc\Application\Admin\Controller\IndexController.class.php 第 2911 行.
NOTIC: [8] Use of undefined constant App_ManageName - assumed 'App_ManageName' D:\phpStudy\aspbc\Application\Admin\Controller\IndexController.class.php 第 2912 行.
INFO: [ app_end ] --START--
INFO: Run Behavior\ShowPageTraceBehavior [ RunTime:0.001000s ]
INFO: [ app_end ] --END-- [ RunTime:0.001000s ]

[ 2017-05-04T09:44:40+08:00 ] 127.0.0.1 /Admin/Index/dl
INFO: [ app_init ] --START--
INFO: Run Behavior\BuildLiteBehavior [ RunTime:0.000000s ]
INFO: [ app_init ] --END-- [ RunTime:0.000000s ]
INFO: [ app_begin ] --START--
INFO: Run Behavior\ReadHtmlCacheBehavior [ RunTime:0.000000s ]
INFO: [ app_begin ] --END-- [ RunTime:0.001000s ]
NOTIC: [8] Use of undefined constant APP_NAME - assumed 'APP_NAME' D:\phpStudy\aspbc\Application\Admin\Controller\IndexController.class.php 第 2911 行.
NOTIC: [8] Use of undefined constant App_ManageName - assumed 'App_ManageName' D:\phpStudy\aspbc\Application\Admin\Controller\IndexController.class.php 第 2912 行.
SQL: SHOW COLUMNS FROM `think_admin` [ RunTime:0.0360s ]
SQL: SELECT * FROM `think_admin` WHERE `admin_username` = 'admin' AND `admin_password` = '21232f297a57a5a743894a0e4a801fc3' LIMIT 1   [ RunTime:0.0010s ]
SQL: SHOW COLUMNS FROM `think_role` [ RunTime:0.0280s ]
SQL: SELECT `role_name` FROM `think_role` WHERE `role_id` = '8' LIMIT 1   [ RunTime:0.0010s ]
SQL: SHOW COLUMNS FROM `think_admin_log` [ RunTime:0.0300s ]
SQL: INSERT INTO `think_admin_log` (`log_content`,`admin_id`,`login_time`,`login_ip`) VALUES ('admin登录成功','1','1493862280','127.0.0.1') [ RunTime:0.0020s ]
INFO: [ app_end ] --START--
INFO: Run Behavior\ShowPageTraceBehavior [ RunTime:0.001000s ]
INFO: [ app_end ] --END-- [ RunTime:0.001000s ]

[ 2017-05-04T09:44:41+08:00 ] 127.0.0.1 /Admin/index/
INFO: [ app_init ] --START--
INFO: Run Behavior\BuildLiteBehavior [ RunTime:0.000000s ]
INFO: [ app_init ] --END-- [ RunTime:0.001000s ]
INFO: [ app_begin ] --START--
INFO: Run Behavior\ReadHtmlCacheBehavior [ RunTime:0.000000s ]
INFO: [ app_begin ] --END-- [ RunTime:0.000000s ]
NOTIC: [8] Use of undefined constant APP_NAME - assumed 'APP_NAME' D:\phpStudy\aspbc\Application\Admin\Controller\IndexController.class.php 第 2911 行.
NOTIC: [8] Use of undefined constant App_ManageName - assumed 'App_ManageName' D:\phpStudy\aspbc\Application\Admin\Controller\IndexController.class.php 第 2912 行.
SQL: SHOW COLUMNS FROM `think_admin` [ RunTime:0.0250s ]
SQL: SELECT * FROM `think_admin` WHERE `admin_username` = 'admin' AND `admin_password` = '21232f297a57a5a743894a0e4a801fc3' LIMIT 1   [ RunTime:0.0010s ]
SQL: SHOW COLUMNS FROM `think_role` [ RunTime:0.0190s ]
SQL: SELECT `remark` FROM `think_role` WHERE `role_id` = '' LIMIT 1   [ RunTime:0.0010s ]
SQL: SELECT `role_id` FROM `think_admin` LIMIT 1   [ RunTime:0.0010s ]
SQL: SELECT `remark` FROM `think_role` WHERE `role_id` = '8' LIMIT 1   [ RunTime:0.0000s ]
INFO: [ view_parse ] --START--
INFO: [ template_filter ] --START--
INFO: Run Behavior\ContentReplaceBehavior [ RunTime:0.000000s ]
INFO: [ template_filter ] --END-- [ RunTime:0.000000s ]
INFO: Run Behavior\ParseTemplateBehavior [ RunTime:0.026002s ]
INFO: [ view_parse ] --END-- [ RunTime:0.026002s ]
INFO: [ view_filter ] --START--
INFO: Run Behavior\WriteHtmlCacheBehavior [ RunTime:0.001000s ]
INFO: [ view_filter ] --END-- [ RunTime:0.001000s ]
INFO: [ app_end ] --START--
INFO: Run Behavior\ShowPageTraceBehavior [ RunTime:0.001000s ]
INFO: [ app_end ] --END-- [ RunTime:0.001000s ]

[ 2017-05-04T09:44:42+08:00 ] 127.0.0.1 /Admin/index/welcome
INFO: [ app_init ] --START--
INFO: Run Behavior\BuildLiteBehavior [ RunTime:0.000000s ]
INFO: [ app_init ] --END-- [ RunTime:0.001000s ]
INFO: [ app_begin ] --START--
INFO: Run Behavior\ReadHtmlCacheBehavior [ RunTime:0.001000s ]
INFO: [ app_begin ] --END-- [ RunTime:0.001000s ]
NOTIC: [8] Use of undefined constant APP_NAME - assumed 'APP_NAME' D:\phpStudy\aspbc\Application\Admin\Controller\IndexController.class.php 第 2911 行.
NOTIC: [8] Use of undefined constant App_ManageName - assumed 'App_ManageName' D:\phpStudy\aspbc\Application\Admin\Controller\IndexController.class.php 第 2912 行.
SQL: SHOW COLUMNS FROM `think_admin` [ RunTime:0.0390s ]
SQL: SELECT * FROM `think_admin` WHERE `admin_username` = 'admin' AND `admin_password` = '21232f297a57a5a743894a0e4a801fc3' LIMIT 1   [ RunTime:0.0000s ]
SQL: SHOW COLUMNS FROM `think_admin_log` [ RunTime:0.0190s ]
SQL: SELECT * FROM `think_admin_log` WHERE `admin_id` = 1 AND `status` = 0 ORDER BY id desc LIMIT 1   [ RunTime:0.0010s ]
SQL: SELECT count(*) as num FROM `think_admin_log` WHERE `admin_id` = 1 AND `status` = 0 LIMIT 1   [ RunTime:0.0000s ]
SQL: SHOW COLUMNS FROM `think_news` [ RunTime:0.0170s ]
SQL: SELECT count(*) as num FROM `think_news` WHERE `isdel` = 0 LIMIT 1   [ RunTime:0.0010s ]
SQL: SELECT count(*) as num FROM `think_news` WHERE `isdel` = 0 AND `news_time` > 1493827201 LIMIT 1   [ RunTime:0.0020s ]
SQL: SHOW COLUMNS FROM `think_goods` [ RunTime:0.0200s ]
SQL: SELECT count(*) as num FROM `think_goods` WHERE `isdel` = 0 LIMIT 1   [ RunTime:0.0010s ]
SQL: SELECT count(*) as num FROM `think_goods` WHERE `isdel` = 0 AND `goods_time` > 1493827201 LIMIT 1   [ RunTime:0.0010s ]
SQL: SHOW COLUMNS FROM `think_goods_img` [ RunTime:0.0190s ]
SQL: SELECT count(*) as num FROM `think_goods_img` LIMIT 1   [ RunTime:0.0000s ]
SQL: SELECT count(*) as num FROM `think_goods_img` WHERE `addtime` > 1493827201 LIMIT 1   [ RunTime:0.0010s ]
SQL: SHOW COLUMNS FROM `think_users` [ RunTime:0.0190s ]
SQL: SELECT count(*) as num FROM `think_users` WHERE `isdel` = 0 LIMIT 1   [ RunTime:0.0020s ]
SQL: SELECT count(*) as num FROM `think_users` WHERE `isdel` = 0 AND `regtime` > 1493827201 LIMIT 1   [ RunTime:0.0020s ]
SQL: SELECT count(*) as num FROM `think_admin` WHERE `isdel` = 0 LIMIT 1   [ RunTime:0.0000s ]
SQL: SELECT count(*) as num FROM `think_admin` WHERE `isdel` = 0 AND `addtime` > 1493827201 LIMIT 1   [ RunTime:0.0000s ]
SQL: SHOW COLUMNS FROM `think_order_info` [ RunTime:0.0190s ]
NOTIC: [8] Undefined variable: o_data D:\phpStudy\aspbc\Application\Admin\Controller\IndexController.class.php 第 3409 行.
SQL: SELECT count(*) as num FROM `think_order_info` LIMIT 1   [ RunTime:0.0010s ]
SQL: SELECT count(*) as num FROM `think_order_info` WHERE `isdel` = 0 AND `addtime` > 1493827201 LIMIT 1   [ RunTime:0.0000s ]
INFO: [ view_parse ] --START--
INFO: [ template_filter ] --START--
INFO: Run Behavior\ContentReplaceBehavior [ RunTime:0.000000s ]
INFO: [ template_filter ] --END-- [ RunTime:0.000000s ]
INFO: Run Behavior\ParseTemplateBehavior [ RunTime:0.013000s ]
INFO: [ view_parse ] --END-- [ RunTime:0.013000s ]
INFO: [ view_filter ] --START--
INFO: Run Behavior\WriteHtmlCacheBehavior [ RunTime:0.001000s ]
INFO: [ view_filter ] --END-- [ RunTime:0.001000s ]
INFO: [ app_end ] --START--
INFO: Run Behavior\ShowPageTraceBehavior [ RunTime:0.001000s ]
INFO: [ app_end ] --END-- [ RunTime:0.001000s ]

[ 2017-05-04T09:44:46+08:00 ] 127.0.0.1 /Admin/index/category?uid=1
INFO: [ app_init ] --START--
INFO: Run Behavior\BuildLiteBehavior [ RunTime:0.000000s ]
INFO: [ app_init ] --END-- [ RunTime:0.002000s ]
INFO: [ app_begin ] --START--
INFO: Run Behavior\ReadHtmlCacheBehavior [ RunTime:0.001000s ]
INFO: [ app_begin ] --END-- [ RunTime:0.001000s ]
NOTIC: [8] Use of undefined constant APP_NAME - assumed 'APP_NAME' D:\phpStudy\aspbc\Application\Admin\Controller\IndexController.class.php 第 2911 行.
NOTIC: [8] Use of undefined constant App_ManageName - assumed 'App_ManageName' D:\phpStudy\aspbc\Application\Admin\Controller\IndexController.class.php 第 2912 行.
SQL: SHOW COLUMNS FROM `think_admin` [ RunTime:0.0380s ]
SQL: SELECT * FROM `think_admin` WHERE `admin_username` = 'admin' AND `admin_password` = '21232f297a57a5a743894a0e4a801fc3' LIMIT 1   [ RunTime:0.0010s ]
SQL: SELECT `id`,`remark` FROM `think_admin` left join think_role on think_role.role_id = think_admin.role_id  WHERE `id` = '1' LIMIT 1   [ RunTime:0.0020s ]
SQL: SHOW COLUMNS FROM `think_cat` [ RunTime:0.0210s ]
SQL: SELECT * FROM `think_cat` WHERE `u_id` = 1 LIMIT 1   [ RunTime:0.0000s ]
SQL: SHOW COLUMNS FROM `think_category` [ RunTime:0.0180s ]
SQL: SELECT COUNT(*) AS tp_count FROM `think_category` WHERE `u_id` = 1 AND `isdel` = 0 LIMIT 1   [ RunTime:0.0010s ]
NOTIC: [2] Missing argument 2 for Admin\Controller\IndexController::getcategorylist(), called in D:\phpStudy\aspbc\Application\Admin\Controller\IndexController.class.php on line 1991 and defined D:\phpStudy\aspbc\Application\Admin\Controller\IndexController.class.php 第 1945 行.
SQL: SELECT `cat_id`,`cat_name`,`cat_path`,`cat_order`,`cat_status`,concat(cat_path,',',cat_id) as bpath FROM `think_category` WHERE `u_id` = 1 AND `isdel` = 0 ORDER BY bpath asc  [ RunTime:0.0010s ]
INFO: [ view_parse ] --START--
INFO: [ template_filter ] --START--
INFO: Run Behavior\ContentReplaceBehavior [ RunTime:0.000000s ]
INFO: [ template_filter ] --END-- [ RunTime:0.000000s ]
INFO: Run Behavior\ParseTemplateBehavior [ RunTime:0.019001s ]
INFO: [ view_parse ] --END-- [ RunTime:0.020001s ]
INFO: [ view_filter ] --START--
INFO: Run Behavior\WriteHtmlCacheBehavior [ RunTime:0.000000s ]
INFO: [ view_filter ] --END-- [ RunTime:0.000000s ]
INFO: [ app_end ] --START--
INFO: Run Behavior\ShowPageTraceBehavior [ RunTime:0.001000s ]
INFO: [ app_end ] --END-- [ RunTime:0.001000s ]

[ 2017-05-04T13:03:20+08:00 ] 127.0.0.1 /Admin/index/
INFO: [ app_init ] --START--
INFO: Run Behavior\BuildLiteBehavior [ RunTime:0.000000s ]
INFO: [ app_init ] --END-- [ RunTime:0.000000s ]
INFO: [ app_begin ] --START--
INFO: Run Behavior\ReadHtmlCacheBehavior [ RunTime:0.001000s ]
INFO: [ app_begin ] --END-- [ RunTime:0.001000s ]
NOTIC: [8] Use of undefined constant APP_NAME - assumed 'APP_NAME' D:\phpStudy\aspbc\Application\Admin\Controller\IndexController.class.php 第 2911 行.
NOTIC: [8] Use of undefined constant App_ManageName - assumed 'App_ManageName' D:\phpStudy\aspbc\Application\Admin\Controller\IndexController.class.php 第 2912 行.
SQL: SHOW COLUMNS FROM `think_admin` [ RunTime:0.0400s ]
SQL: SELECT * FROM `think_admin` WHERE `admin_username` = 'admin' AND `admin_password` = '21232f297a57a5a743894a0e4a801fc3' LIMIT 1   [ RunTime:0.0010s ]
SQL: SHOW COLUMNS FROM `think_role` [ RunTime:0.0170s ]
SQL: SELECT `remark` FROM `think_role` WHERE `role_id` = '' LIMIT 1   [ RunTime:0.0000s ]
SQL: SELECT `role_id` FROM `think_admin` LIMIT 1   [ RunTime:0.0010s ]
SQL: SELECT `remark` FROM `think_role` WHERE `role_id` = '8' LIMIT 1   [ RunTime:0.0000s ]
INFO: [ view_parse ] --START--
INFO: [ template_filter ] --START--
INFO: Run Behavior\ContentReplaceBehavior [ RunTime:0.000000s ]
INFO: [ template_filter ] --END-- [ RunTime:0.000000s ]
INFO: Run Behavior\ParseTemplateBehavior [ RunTime:0.046003s ]
INFO: [ view_parse ] --END-- [ RunTime:0.046003s ]
INFO: [ view_filter ] --START--
INFO: Run Behavior\WriteHtmlCacheBehavior [ RunTime:0.001000s ]
INFO: [ view_filter ] --END-- [ RunTime:0.001000s ]
INFO: [ app_end ] --START--
INFO: Run Behavior\ShowPageTraceBehavior [ RunTime:0.001000s ]
INFO: [ app_end ] --END-- [ RunTime:0.001000s ]

[ 2017-05-04T13:03:22+08:00 ] 127.0.0.1 /Admin/index/welcome
INFO: [ app_init ] --START--
INFO: Run Behavior\BuildLiteBehavior [ RunTime:0.000000s ]
INFO: [ app_init ] --END-- [ RunTime:0.002001s ]
INFO: [ app_begin ] --START--
INFO: Run Behavior\ReadHtmlCacheBehavior [ RunTime:0.001000s ]
INFO: [ app_begin ] --END-- [ RunTime:0.001000s ]
NOTIC: [8] Use of undefined constant APP_NAME - assumed 'APP_NAME' D:\phpStudy\aspbc\Application\Admin\Controller\IndexController.class.php 第 2911 行.
NOTIC: [8] Use of undefined constant App_ManageName - assumed 'App_ManageName' D:\phpStudy\aspbc\Application\Admin\Controller\IndexController.class.php 第 2912 行.
SQL: SHOW COLUMNS FROM `think_admin` [ RunTime:0.0100s ]
SQL: SELECT * FROM `think_admin` WHERE `admin_username` = 'admin' AND `admin_password` = '21232f297a57a5a743894a0e4a801fc3' LIMIT 1   [ RunTime:0.0010s ]
SQL: SHOW COLUMNS FROM `think_admin_log` [ RunTime:0.0090s ]
SQL: SELECT * FROM `think_admin_log` WHERE `admin_id` = 1 AND `status` = 0 ORDER BY id desc LIMIT 1   [ RunTime:0.0090s ]
SQL: SELECT count(*) as num FROM `think_admin_log` WHERE `admin_id` = 1 AND `status` = 0 LIMIT 1   [ RunTime:0.0010s ]
SQL: SHOW COLUMNS FROM `think_news` [ RunTime:0.0090s ]
SQL: SELECT count(*) as num FROM `think_news` WHERE `isdel` = 0 LIMIT 1   [ RunTime:0.0030s ]
SQL: SELECT count(*) as num FROM `think_news` WHERE `isdel` = 0 AND `news_time` > 1493827201 LIMIT 1   [ RunTime:0.0020s ]
SQL: SHOW COLUMNS FROM `think_goods` [ RunTime:0.0100s ]
SQL: SELECT count(*) as num FROM `think_goods` WHERE `isdel` = 0 LIMIT 1   [ RunTime:0.0390s ]
SQL: SELECT count(*) as num FROM `think_goods` WHERE `isdel` = 0 AND `goods_time` > 1493827201 LIMIT 1   [ RunTime:0.0010s ]
SQL: SHOW COLUMNS FROM `think_goods_img` [ RunTime:0.0100s ]
SQL: SELECT count(*) as num FROM `think_goods_img` LIMIT 1   [ RunTime:0.0010s ]
SQL: SELECT count(*) as num FROM `think_goods_img` WHERE `addtime` > 1493827201 LIMIT 1   [ RunTime:0.0010s ]
SQL: SHOW COLUMNS FROM `think_users` [ RunTime:0.0200s ]
SQL: SELECT count(*) as num FROM `think_users` WHERE `isdel` = 0 LIMIT 1   [ RunTime:0.0610s ]
SQL: SELECT count(*) as num FROM `think_users` WHERE `isdel` = 0 AND `regtime` > 1493827201 LIMIT 1   [ RunTime:0.0020s ]
SQL: SELECT count(*) as num FROM `think_admin` WHERE `isdel` = 0 LIMIT 1   [ RunTime:0.0010s ]
SQL: SELECT count(*) as num FROM `think_admin` WHERE `isdel` = 0 AND `addtime` > 1493827201 LIMIT 1   [ RunTime:0.0000s ]
SQL: SHOW COLUMNS FROM `think_order_info` [ RunTime:0.0110s ]
NOTIC: [8] Undefined variable: o_data D:\phpStudy\aspbc\Application\Admin\Controller\IndexController.class.php 第 3409 行.
SQL: SELECT count(*) as num FROM `think_order_info` LIMIT 1   [ RunTime:0.0150s ]
SQL: SELECT count(*) as num FROM `think_order_info` WHERE `isdel` = 0 AND `addtime` > 1493827201 LIMIT 1   [ RunTime:0.0010s ]
INFO: [ view_parse ] --START--
INFO: [ template_filter ] --START--
INFO: Run Behavior\ContentReplaceBehavior [ RunTime:0.001000s ]
INFO: [ template_filter ] --END-- [ RunTime:0.001000s ]
INFO: Run Behavior\ParseTemplateBehavior [ RunTime:0.019001s ]
INFO: [ view_parse ] --END-- [ RunTime:0.019001s ]
INFO: [ view_filter ] --START--
INFO: Run Behavior\WriteHtmlCacheBehavior [ RunTime:0.000000s ]
INFO: [ view_filter ] --END-- [ RunTime:0.001000s ]
INFO: [ app_end ] --START--
INFO: Run Behavior\ShowPageTraceBehavior [ RunTime:0.000000s ]
INFO: [ app_end ] --END-- [ RunTime:0.000000s ]

