[ 2017-05-06T22:08:52+08:00 ] 127.0.0.1 /admin
INFO: [ app_init ] --START--
INFO: Run Behavior\BuildLiteBehavior [ RunTime:0.000000s ]
INFO: [ app_init ] --END-- [ RunTime:0.000000s ]
INFO: [ app_begin ] --START--
INFO: Run Behavior\ReadHtmlCacheBehavior [ RunTime:0.000000s ]
INFO: [ app_begin ] --END-- [ RunTime:0.000000s ]
NOTIC: [8] Use of undefined constant APP_NAME - assumed 'APP_NAME' D:\www\Application\Admin\Controller\IndexController.class.php 第 2911 行.
NOTIC: [8] Use of undefined constant App_ManageName - assumed 'App_ManageName' D:\www\Application\Admin\Controller\IndexController.class.php 第 2912 行.

[ 2017-05-06T22:08:52+08:00 ] 127.0.0.1 /Admin/Index/login.html
INFO: [ app_init ] --START--
INFO: Run Behavior\BuildLiteBehavior [ RunTime:0.000000s ]
INFO: [ app_init ] --END-- [ RunTime:0.000000s ]
INFO: [ app_begin ] --START--
INFO: Run Behavior\ReadHtmlCacheBehavior [ RunTime:0.015625s ]
INFO: [ app_begin ] --END-- [ RunTime:0.015625s ]
NOTIC: [8] Use of undefined constant APP_NAME - assumed 'APP_NAME' D:\www\Application\Admin\Controller\IndexController.class.php 第 2911 行.
NOTIC: [8] Use of undefined constant App_ManageName - assumed 'App_ManageName' D:\www\Application\Admin\Controller\IndexController.class.php 第 2912 行.
INFO: [ view_parse ] --START--
INFO: [ template_filter ] --START--
INFO: Run Behavior\ContentReplaceBehavior [ RunTime:0.000000s ]
INFO: [ template_filter ] --END-- [ RunTime:0.000000s ]
INFO: Run Behavior\ParseTemplateBehavior [ RunTime:0.031250s ]
INFO: [ view_parse ] --END-- [ RunTime:0.031250s ]
INFO: [ view_filter ] --START--
INFO: Run Behavior\WriteHtmlCacheBehavior [ RunTime:0.000000s ]
INFO: [ view_filter ] --END-- [ RunTime:0.000000s ]
INFO: [ app_end ] --START--
INFO: Run Behavior\ShowPageTraceBehavior [ RunTime:0.000000s ]
INFO: [ app_end ] --END-- [ RunTime:0.000000s ]

[ 2017-05-06T22:08:53+08:00 ] 127.0.0.1 /Admin/Index/verify
INFO: [ app_init ] --START--
INFO: Run Behavior\BuildLiteBehavior [ RunTime:0.000000s ]
INFO: [ app_init ] --END-- [ RunTime:0.000000s ]
INFO: [ app_begin ] --START--
INFO: Run Behavior\ReadHtmlCacheBehavior [ RunTime:0.000000s ]
INFO: [ app_begin ] --END-- [ RunTime:0.000000s ]
NOTIC: [8] Use of undefined constant APP_NAME - assumed 'APP_NAME' D:\www\Application\Admin\Controller\IndexController.class.php 第 2911 行.
NOTIC: [8] Use of undefined constant App_ManageName - assumed 'App_ManageName' D:\www\Application\Admin\Controller\IndexController.class.php 第 2912 行.
INFO: [ app_end ] --START--
INFO: Run Behavior\ShowPageTraceBehavior [ RunTime:0.000000s ]
INFO: [ app_end ] --END-- [ RunTime:0.000000s ]

[ 2017-05-06T22:09:04+08:00 ] 127.0.0.1 /Admin/Index/dl
INFO: [ app_init ] --START--
INFO: Run Behavior\BuildLiteBehavior [ RunTime:0.000000s ]
INFO: [ app_init ] --END-- [ RunTime:0.000000s ]
INFO: [ app_begin ] --START--
INFO: Run Behavior\ReadHtmlCacheBehavior [ RunTime:0.000000s ]
INFO: [ app_begin ] --END-- [ RunTime:0.000000s ]
NOTIC: [8] Use of undefined constant APP_NAME - assumed 'APP_NAME' D:\www\Application\Admin\Controller\IndexController.class.php 第 2911 行.
NOTIC: [8] Use of undefined constant App_ManageName - assumed 'App_ManageName' D:\www\Application\Admin\Controller\IndexController.class.php 第 2912 行.
SQL: SHOW COLUMNS FROM `think_admin` [ RunTime:0.1406s ]
SQL: SELECT * FROM `think_admin` WHERE `admin_username` = 'admin' AND `admin_password` = 'e10adc3949ba59abbe56e057f20f883e' LIMIT 1   [ RunTime:0.0000s ]

[ 2017-05-06T22:09:08+08:00 ] 127.0.0.1 /Admin/Index/dl
INFO: [ app_init ] --START--
INFO: Run Behavior\BuildLiteBehavior [ RunTime:0.000000s ]
INFO: [ app_init ] --END-- [ RunTime:0.000000s ]
INFO: [ app_begin ] --START--
INFO: Run Behavior\ReadHtmlCacheBehavior [ RunTime:0.000000s ]
INFO: [ app_begin ] --END-- [ RunTime:0.000000s ]
NOTIC: [8] Use of undefined constant APP_NAME - assumed 'APP_NAME' D:\www\Application\Admin\Controller\IndexController.class.php 第 2911 行.
NOTIC: [8] Use of undefined constant App_ManageName - assumed 'App_ManageName' D:\www\Application\Admin\Controller\IndexController.class.php 第 2912 行.
SQL: SHOW COLUMNS FROM `think_admin` [ RunTime:0.0156s ]
SQL: SELECT * FROM `think_admin` WHERE `admin_username` = 'admin' AND `admin_password` = '21232f297a57a5a743894a0e4a801fc3' LIMIT 1   [ RunTime:0.0000s ]
SQL: SHOW COLUMNS FROM `think_role` [ RunTime:0.0781s ]
SQL: SELECT `role_name` FROM `think_role` WHERE `role_id` = '8' LIMIT 1   [ RunTime:0.0000s ]
SQL: SHOW COLUMNS FROM `think_admin_log` [ RunTime:0.0469s ]
SQL: INSERT INTO `think_admin_log` (`log_content`,`admin_id`,`login_time`,`login_ip`) VALUES ('admin登录成功','1','1494079748','127.0.0.1') [ RunTime:0.0781s ]
INFO: [ app_end ] --START--
INFO: Run Behavior\ShowPageTraceBehavior [ RunTime:0.000000s ]
INFO: [ app_end ] --END-- [ RunTime:0.000000s ]

[ 2017-05-06T22:09:09+08:00 ] 127.0.0.1 /Admin/index/
INFO: [ app_init ] --START--
INFO: Run Behavior\BuildLiteBehavior [ RunTime:0.000000s ]
INFO: [ app_init ] --END-- [ RunTime:0.000000s ]
INFO: [ app_begin ] --START--
INFO: Run Behavior\ReadHtmlCacheBehavior [ RunTime:0.000000s ]
INFO: [ app_begin ] --END-- [ RunTime:0.000000s ]
NOTIC: [8] Use of undefined constant APP_NAME - assumed 'APP_NAME' D:\www\Application\Admin\Controller\IndexController.class.php 第 2911 行.
NOTIC: [8] Use of undefined constant App_ManageName - assumed 'App_ManageName' D:\www\Application\Admin\Controller\IndexController.class.php 第 2912 行.
SQL: SHOW COLUMNS FROM `think_admin` [ RunTime:0.0156s ]
SQL: SELECT * FROM `think_admin` WHERE `admin_username` = 'admin' AND `admin_password` = '21232f297a57a5a743894a0e4a801fc3' LIMIT 1   [ RunTime:0.0000s ]
SQL: SHOW COLUMNS FROM `think_role` [ RunTime:0.0313s ]
SQL: SELECT `remark` FROM `think_role` WHERE `role_id` = '' LIMIT 1   [ RunTime:0.0000s ]
SQL: SELECT `role_id` FROM `think_admin` LIMIT 1   [ RunTime:0.0000s ]
SQL: SELECT `remark` FROM `think_role` WHERE `role_id` = '8' LIMIT 1   [ RunTime:0.0000s ]
INFO: [ view_parse ] --START--
INFO: [ template_filter ] --START--
INFO: Run Behavior\ContentReplaceBehavior [ RunTime:0.000000s ]
INFO: [ template_filter ] --END-- [ RunTime:0.000000s ]
INFO: Run Behavior\ParseTemplateBehavior [ RunTime:0.046875s ]
INFO: [ view_parse ] --END-- [ RunTime:0.046875s ]
INFO: [ view_filter ] --START--
INFO: Run Behavior\WriteHtmlCacheBehavior [ RunTime:0.000000s ]
INFO: [ view_filter ] --END-- [ RunTime:0.000000s ]
INFO: [ app_end ] --START--
INFO: Run Behavior\ShowPageTraceBehavior [ RunTime:0.000000s ]
INFO: [ app_end ] --END-- [ RunTime:0.000000s ]

[ 2017-05-06T22:09:09+08:00 ] 127.0.0.1 /Admin/index/welcome
INFO: [ app_init ] --START--
INFO: Run Behavior\BuildLiteBehavior [ RunTime:0.000000s ]
INFO: [ app_init ] --END-- [ RunTime:0.000000s ]
INFO: [ app_begin ] --START--
INFO: Run Behavior\ReadHtmlCacheBehavior [ RunTime:0.000000s ]
INFO: [ app_begin ] --END-- [ RunTime:0.000000s ]
NOTIC: [8] Use of undefined constant APP_NAME - assumed 'APP_NAME' D:\www\Application\Admin\Controller\IndexController.class.php 第 2911 行.
NOTIC: [8] Use of undefined constant App_ManageName - assumed 'App_ManageName' D:\www\Application\Admin\Controller\IndexController.class.php 第 2912 行.
SQL: SHOW COLUMNS FROM `think_admin` [ RunTime:0.0156s ]
SQL: SELECT * FROM `think_admin` WHERE `admin_username` = 'admin' AND `admin_password` = '21232f297a57a5a743894a0e4a801fc3' LIMIT 1   [ RunTime:0.0000s ]
SQL: SHOW COLUMNS FROM `think_admin_log` [ RunTime:0.0313s ]
SQL: SELECT * FROM `think_admin_log` WHERE `admin_id` = 1 AND `status` = 0 ORDER BY id desc LIMIT 1   [ RunTime:0.0000s ]
SQL: SELECT count(*) as num FROM `think_admin_log` WHERE `admin_id` = 1 AND `status` = 0 LIMIT 1   [ RunTime:0.0313s ]
SQL: SHOW COLUMNS FROM `think_news` [ RunTime:0.0156s ]
SQL: SELECT count(*) as num FROM `think_news` WHERE `isdel` = 0 LIMIT 1   [ RunTime:0.0000s ]
SQL: SELECT count(*) as num FROM `think_news` WHERE `isdel` = 0 AND `news_time` > 1494000001 LIMIT 1   [ RunTime:0.0156s ]
SQL: SHOW COLUMNS FROM `think_goods` [ RunTime:0.0156s ]
SQL: SELECT count(*) as num FROM `think_goods` WHERE `isdel` = 0 LIMIT 1   [ RunTime:0.0000s ]
SQL: SELECT count(*) as num FROM `think_goods` WHERE `isdel` = 0 AND `goods_time` > 1494000001 LIMIT 1   [ RunTime:0.0000s ]
SQL: SHOW COLUMNS FROM `think_goods_img` [ RunTime:0.0156s ]
SQL: SELECT count(*) as num FROM `think_goods_img` LIMIT 1   [ RunTime:0.0000s ]
SQL: SELECT count(*) as num FROM `think_goods_img` WHERE `addtime` > 1494000001 LIMIT 1   [ RunTime:0.0000s ]
SQL: SHOW COLUMNS FROM `think_users` [ RunTime:0.0156s ]
SQL: SELECT count(*) as num FROM `think_users` WHERE `isdel` = 0 LIMIT 1   [ RunTime:0.0000s ]
SQL: SELECT count(*) as num FROM `think_users` WHERE `isdel` = 0 AND `regtime` > 1494000001 LIMIT 1   [ RunTime:0.0000s ]
SQL: SELECT count(*) as num FROM `think_admin` WHERE `isdel` = 0 LIMIT 1   [ RunTime:0.0000s ]
SQL: SELECT count(*) as num FROM `think_admin` WHERE `isdel` = 0 AND `addtime` > 1494000001 LIMIT 1   [ RunTime:0.0000s ]
SQL: SHOW COLUMNS FROM `think_order_info` [ RunTime:0.0625s ]
NOTIC: [8] Undefined variable: o_data D:\www\Application\Admin\Controller\IndexController.class.php 第 3409 行.
SQL: SELECT count(*) as num FROM `think_order_info` LIMIT 1   [ RunTime:0.0156s ]
SQL: SELECT count(*) as num FROM `think_order_info` WHERE `isdel` = 0 AND `addtime` > 1494000001 LIMIT 1   [ RunTime:0.0000s ]
INFO: [ view_parse ] --START--
INFO: [ template_filter ] --START--
INFO: Run Behavior\ContentReplaceBehavior [ RunTime:0.000000s ]
INFO: [ template_filter ] --END-- [ RunTime:0.000000s ]
INFO: Run Behavior\ParseTemplateBehavior [ RunTime:0.328125s ]
INFO: [ view_parse ] --END-- [ RunTime:0.328125s ]
INFO: [ view_filter ] --START--
INFO: Run Behavior\WriteHtmlCacheBehavior [ RunTime:0.000000s ]
INFO: [ view_filter ] --END-- [ RunTime:0.000000s ]
INFO: [ app_end ] --START--
INFO: Run Behavior\ShowPageTraceBehavior [ RunTime:0.000000s ]
INFO: [ app_end ] --END-- [ RunTime:0.000000s ]

[ 2017-05-06T22:09:13+08:00 ] 127.0.0.1 /Admin/index/systembase
INFO: [ app_init ] --START--
INFO: Run Behavior\BuildLiteBehavior [ RunTime:0.000000s ]
INFO: [ app_init ] --END-- [ RunTime:0.015625s ]
INFO: [ app_begin ] --START--
INFO: Run Behavior\ReadHtmlCacheBehavior [ RunTime:0.000000s ]
INFO: [ app_begin ] --END-- [ RunTime:0.000000s ]
NOTIC: [8] Use of undefined constant APP_NAME - assumed 'APP_NAME' D:\www\Application\Admin\Controller\IndexController.class.php 第 2911 行.
NOTIC: [8] Use of undefined constant App_ManageName - assumed 'App_ManageName' D:\www\Application\Admin\Controller\IndexController.class.php 第 2912 行.
SQL: SHOW COLUMNS FROM `think_admin` [ RunTime:0.0313s ]
SQL: SELECT * FROM `think_admin` WHERE `admin_username` = 'admin' AND `admin_password` = '21232f297a57a5a743894a0e4a801fc3' LIMIT 1   [ RunTime:0.0000s ]
SQL: SELECT `id`,`remark` FROM `think_admin` left join think_role on think_role.role_id = think_admin.role_id  WHERE `id` = '1' LIMIT 1   [ RunTime:0.0000s ]
SQL: SHOW COLUMNS FROM `think_config` [ RunTime:0.0313s ]
SQL: SELECT * FROM `think_config` WHERE ( sys_id=1 ) LIMIT 1   [ RunTime:0.0000s ]
SQL: SHOW COLUMNS FROM `think_model` [ RunTime:0.0313s ]
SQL: SELECT `model_id`,`model_name`,`model_path` FROM `think_model` WHERE `is_show` = 1 AND `isdel` = 0 ORDER BY model_order asc  [ RunTime:0.0156s ]
INFO: [ view_parse ] --START--
INFO: [ template_filter ] --START--
INFO: Run Behavior\ContentReplaceBehavior [ RunTime:0.000000s ]
INFO: [ template_filter ] --END-- [ RunTime:0.000000s ]
INFO: Run Behavior\ParseTemplateBehavior [ RunTime:0.062500s ]
INFO: [ view_parse ] --END-- [ RunTime:0.062500s ]
INFO: [ view_filter ] --START--
INFO: Run Behavior\WriteHtmlCacheBehavior [ RunTime:0.000000s ]
INFO: [ view_filter ] --END-- [ RunTime:0.015625s ]
INFO: [ app_end ] --START--
INFO: Run Behavior\ShowPageTraceBehavior [ RunTime:0.000000s ]
INFO: [ app_end ] --END-- [ RunTime:0.000000s ]

[ 2017-05-06T22:09:31+08:00 ] 127.0.0.1 /Admin/index/saveconfig
INFO: [ app_init ] --START--
INFO: Run Behavior\BuildLiteBehavior [ RunTime:0.000000s ]
INFO: [ app_init ] --END-- [ RunTime:0.000000s ]
INFO: [ app_begin ] --START--
INFO: Run Behavior\ReadHtmlCacheBehavior [ RunTime:0.000000s ]
INFO: [ app_begin ] --END-- [ RunTime:0.000000s ]
NOTIC: [8] Use of undefined constant APP_NAME - assumed 'APP_NAME' D:\www\Application\Admin\Controller\IndexController.class.php 第 2911 行.
NOTIC: [8] Use of undefined constant App_ManageName - assumed 'App_ManageName' D:\www\Application\Admin\Controller\IndexController.class.php 第 2912 行.
SQL: SHOW COLUMNS FROM `think_admin` [ RunTime:0.0156s ]
SQL: SELECT * FROM `think_admin` WHERE `admin_username` = 'admin' AND `admin_password` = '21232f297a57a5a743894a0e4a801fc3' LIMIT 1   [ RunTime:0.0000s ]
SQL: SELECT `id`,`remark` FROM `think_admin` left join think_role on think_role.role_id = think_admin.role_id  WHERE `id` = '1' LIMIT 1   [ RunTime:0.0000s ]
SQL: SHOW COLUMNS FROM `think_config` [ RunTime:0.0313s ]
SQL: UPDATE `think_config` SET `sys_url`='http://www.a.com:9096',`sys_img_url`='http://www.a.com:9096',`sys_css_url`='http://www.a.com:9096',`sys_js_url`='http://www.a.com:9096',`sys_sitename`='asp编程网',`sys_logo`='images/logo.png',`sys_title`='asp教程，php教程，thinkphp教程',`sys_keywords`='asp教程，php教程，thinkphp教程，asp开发工具',`sys_description`='描述123描述123描述123描述123描述123描述123描述123描述123描述123描述123描述123描述123描述123描述123描述123描述123描述123',`sys_copyright`='Copyright(C)2013-2017版权所属asp编程网',`sys_cnzz`='统计代码',`sys_beian`='沪ICP备13020688号',`sys_upload_img`='uploadfile',`sys_switch`='1',`sys_switch_content`='网站维护中。。。。',`sys_model`='1',`sys_baidu_send`='0',`sys_baidu_api`='http://data.zz.baidu.com/urls?site=www.wantuoban.net&amp;token=c0SyqNvLAtYIqrvP',`sys_tag`='' WHERE `sys_id` = 1 [ RunTime:0.2344s ]

[ 2017-05-06T22:09:32+08:00 ] 127.0.0.1 /Admin/Index/systembase.html
INFO: [ app_init ] --START--
INFO: Run Behavior\BuildLiteBehavior [ RunTime:0.000000s ]
INFO: [ app_init ] --END-- [ RunTime:0.000000s ]
INFO: [ app_begin ] --START--
INFO: Run Behavior\ReadHtmlCacheBehavior [ RunTime:0.015625s ]
INFO: [ app_begin ] --END-- [ RunTime:0.015625s ]
NOTIC: [8] Use of undefined constant APP_NAME - assumed 'APP_NAME' D:\www\Application\Admin\Controller\IndexController.class.php 第 2911 行.
NOTIC: [8] Use of undefined constant App_ManageName - assumed 'App_ManageName' D:\www\Application\Admin\Controller\IndexController.class.php 第 2912 行.
SQL: SHOW COLUMNS FROM `think_admin` [ RunTime:0.0938s ]
SQL: SELECT * FROM `think_admin` WHERE `admin_username` = 'admin' AND `admin_password` = '21232f297a57a5a743894a0e4a801fc3' LIMIT 1   [ RunTime:0.0000s ]
SQL: SELECT `id`,`remark` FROM `think_admin` left join think_role on think_role.role_id = think_admin.role_id  WHERE `id` = '1' LIMIT 1   [ RunTime:0.0000s ]
SQL: SHOW COLUMNS FROM `think_config` [ RunTime:0.0156s ]
SQL: SELECT * FROM `think_config` WHERE ( sys_id=1 ) LIMIT 1   [ RunTime:0.0000s ]
SQL: SHOW COLUMNS FROM `think_model` [ RunTime:0.0156s ]
SQL: SELECT `model_id`,`model_name`,`model_path` FROM `think_model` WHERE `is_show` = 1 AND `isdel` = 0 ORDER BY model_order asc  [ RunTime:0.0000s ]
INFO: [ view_parse ] --START--
INFO: [ template_filter ] --START--
INFO: Run Behavior\ContentReplaceBehavior [ RunTime:0.000000s ]
INFO: [ template_filter ] --END-- [ RunTime:0.000000s ]
INFO: Run Behavior\ParseTemplateBehavior [ RunTime:0.046875s ]
INFO: [ view_parse ] --END-- [ RunTime:0.046875s ]
INFO: [ view_filter ] --START--
INFO: Run Behavior\WriteHtmlCacheBehavior [ RunTime:0.000000s ]
INFO: [ view_filter ] --END-- [ RunTime:0.000000s ]
INFO: [ app_end ] --START--
INFO: Run Behavior\ShowPageTraceBehavior [ RunTime:0.000000s ]
INFO: [ app_end ] --END-- [ RunTime:0.000000s ]

